-------------------------------------------------------------------------------
Test set: com.naufal.pustaka.PustakaApplicationTests
-------------------------------------------------------------------------------
Tests run: 1, Failures: 0, Errors: 1, Skipped: 0, Time elapsed: 0.436 s <<< FAILURE! - in com.naufal.pustaka.PustakaApplicationTests
com.naufal.pustaka.PustakaApplicationTests  Time elapsed: 0.432 s  <<< ERROR!
java.lang.IllegalStateException: Unable to find a @SpringBootConfiguration, you need to use @ContextConfiguration or @SpringBootTest(classes=...) with your test

